TN:
SF:/Users/howard.zhang/Sites/ringcentral-js-widget/src/scripts/component.js
FN:1,register
FN:5,(anonymous_3)
FN:7,before
FN:8,method
FN:9,after
FN:10,error
FN:19,widget
FN:34,(anonymous_9)
FN:37,(anonymous_10)
FN:40,(anonymous_11)
FN:61,remove
FN:66,render
FN:82,bindScope
FN:84,(anonymous_15)
FN:85,(anonymous_16)
FN:86,(anonymous_17)
FN:87,(anonymous_18)
FN:93,generateDocument
FN:95,(anonymous_20)
FN:99,(anonymous_21)
FN:101,(anonymous_22)
FN:104,(anonymous_23)
FN:120,getDocumentRoot
FN:125,generateActions
FN:128,before
FN:129,method
FN:130,after
FN:131,error
FN:138,(anonymous_30)
FN:139,before
FN:143,method
FN:150,after
FN:157,error
FN:160,finish
FN:175,wrapUserEvent
FN:178,(anonymous_37)
FN:182,isThenable
FN:188,nextAction
FN:192,(anonymous_40)
FN:202,initLogger
FN:204,error
FN:207,warn
FN:211,info
FN:215,log
FNF:44
FNH:27
FNDA:14,register
FNDA:56,(anonymous_3)
FNDA:7,before
FNDA:7,method
FNDA:7,after
FNDA:0,error
FNDA:8,widget
FNDA:35,(anonymous_9)
FNDA:6,(anonymous_10)
FNDA:35,(anonymous_11)
FNDA:0,remove
FNDA:0,render
FNDA:41,bindScope
FNDA:0,(anonymous_15)
FNDA:0,(anonymous_16)
FNDA:0,(anonymous_17)
FNDA:0,(anonymous_18)
FNDA:7,generateDocument
FNDA:0,(anonymous_20)
FNDA:0,(anonymous_21)
FNDA:0,(anonymous_22)
FNDA:0,(anonymous_23)
FNDA:7,getDocumentRoot
FNDA:49,generateActions
FNDA:7,before
FNDA:0,method
FNDA:7,after
FNDA:0,error
FNDA:11,(anonymous_30)
FNDA:11,before
FNDA:11,method
FNDA:11,after
FNDA:0,error
FNDA:11,finish
FNDA:22,wrapUserEvent
FNDA:52,(anonymous_37)
FNDA:33,isThenable
FNDA:44,nextAction
FNDA:0,(anonymous_40)
FNDA:7,initLogger
FNDA:0,error
FNDA:44,warn
FNDA:33,info
FNDA:0,log
DA:1,1
DA:2,14
DA:3,0
DA:5,14
DA:6,56
DA:11,0
DA:12,0
DA:16,14
DA:19,1
DA:20,8
DA:21,0
DA:23,7
DA:26,7
DA:30,7
DA:31,7
DA:32,7
DA:34,7
DA:35,35
DA:37,7
DA:38,6
DA:40,7
DA:41,35
DA:44,7
DA:45,7
DA:46,7
DA:47,7
DA:53,7
DA:59,7
DA:61,1
DA:62,0
DA:63,0
DA:66,1
DA:67,0
DA:68,0
DA:69,0
DA:70,0
DA:72,0
DA:74,0
DA:75,0
DA:76,0
DA:77,0
DA:78,0
DA:82,1
DA:83,41
DA:88,0
DA:93,1
DA:94,7
DA:95,7
DA:96,0
DA:97,0
DA:99,7
DA:100,0
DA:101,0
DA:102,0
DA:103,0
DA:104,0
DA:105,0
DA:106,0
DA:107,0
DA:108,0
DA:110,0
DA:111,0
DA:112,0
DA:114,0
DA:117,7
DA:120,1
DA:122,7
DA:125,1
DA:126,49
DA:127,44
DA:132,0
DA:133,0
DA:136,44
DA:138,49
DA:139,11
DA:140,11
DA:141,11
DA:143,11
DA:144,11
DA:145,11
DA:146,8
DA:148,3
DA:150,11
DA:151,11
DA:152,11
DA:153,8
DA:155,3
DA:157,11
DA:158,0
DA:160,11
DA:161,11
DA:163,10
DA:165,1
DA:167,11
DA:168,11
DA:170,0
DA:175,1
DA:176,22
DA:177,22
DA:178,20
DA:179,2
DA:182,1
DA:183,33
DA:184,0
DA:185,33
DA:188,1
DA:189,44
DA:190,11
DA:191,33
DA:192,0
DA:193,0
DA:194,0
DA:195,0
DA:198,33
DA:202,1
DA:203,7
DA:205,0
DA:208,44
DA:209,0
DA:212,33
DA:213,0
DA:216,0
DA:217,0
DA:221,1
LF:124
LH:78
BRDA:2,1,0,0
BRDA:2,1,1,14
BRDA:20,2,0,0
BRDA:20,2,1,7
BRDA:67,3,0,0
BRDA:67,3,1,0
BRDA:69,4,0,0
BRDA:69,4,1,0
BRDA:76,5,0,0
BRDA:76,5,1,0
BRDA:76,5,2,0
BRDA:77,6,0,0
BRDA:77,6,1,0
BRDA:77,7,0,0
BRDA:77,7,1,0
BRDA:84,8,0,41
BRDA:84,8,1,0
BRDA:85,9,0,41
BRDA:85,9,1,0
BRDA:86,10,0,41
BRDA:86,10,1,0
BRDA:87,11,0,28
BRDA:87,11,1,13
BRDA:105,12,0,0
BRDA:105,12,1,0
BRDA:107,13,0,0
BRDA:107,13,1,0
BRDA:110,14,0,0
BRDA:110,14,1,0
BRDA:126,15,0,44
BRDA:126,15,1,5
BRDA:144,16,0,8
BRDA:144,16,1,3
BRDA:145,17,0,8
BRDA:145,17,1,3
BRDA:146,18,0,8
BRDA:146,18,1,8
BRDA:148,19,0,3
BRDA:148,19,1,2
BRDA:151,20,0,8
BRDA:151,20,1,3
BRDA:152,21,0,8
BRDA:152,21,1,3
BRDA:153,22,0,8
BRDA:153,22,1,0
BRDA:155,23,0,3
BRDA:155,23,1,0
BRDA:161,24,0,10
BRDA:161,24,1,1
BRDA:163,25,0,0
BRDA:163,25,1,10
BRDA:176,26,0,22
BRDA:176,26,1,22
BRDA:177,27,0,20
BRDA:177,27,1,2
BRDA:177,28,0,22
BRDA:177,28,1,21
BRDA:178,29,0,20
BRDA:178,29,1,18
BRDA:183,30,0,0
BRDA:183,30,1,33
BRDA:183,31,0,33
BRDA:183,31,1,0
BRDA:189,32,0,11
BRDA:189,32,1,33
BRDA:191,33,0,0
BRDA:191,33,1,33
BRDA:193,34,0,0
BRDA:193,34,1,0
BRDA:208,35,0,0
BRDA:208,35,1,44
BRDA:212,36,0,0
BRDA:212,36,1,33
BRDA:216,37,0,0
BRDA:216,37,1,0
BRF:75
BRH:41
end_of_record
